This file contains any messages produced by compilers while
running configure, to aid debugging if configure makes a mistake.

It was created by pocketsphinx configure 5prealpha, which was
generated by GNU Autoconf 2.69.  Invocation command line was

  $ ./configure 

## --------- ##
## Platform. ##
## --------- ##

hostname = mrmeseeks-2.local
uname -m = x86_64
uname -r = 18.7.0
uname -s = Darwin
uname -v = Darwin Kernel Version 18.7.0: Sun Dec  1 18:59:03 PST 2019; root:xnu-4903.278.19~1/RELEASE_X86_64

/usr/bin/uname -p = i386
/bin/uname -X     = unknown

/bin/arch              = unknown
/usr/bin/arch -k       = unknown
/usr/convex/getsysinfo = unknown
/usr/bin/hostinfo      = Mach kernel version:
	 Darwin Kernel Version 18.7.0: Sun Dec  1 18:59:03 PST 2019; root:xnu-4903.278.19~1/RELEASE_X86_64
Kernel configured for up to 8 processors.
4 processors are physically available.
8 processors are logically available.
Processor type: x86_64h (Intel x86-64h Haswell)
Processors active: 0 1 2 3 4 5 6 7
Primary memory available: 16.00 gigabytes
Default processor set: 496 tasks, 2432 threads, 8 processors
Load average: 3.17, Mach factor: 4.82
/bin/machine           = unknown
/usr/bin/oslevel       = unknown
/bin/universe          = unknown

PATH: /Users/michael/code/vcrud/sphinx/compile_sphinx/bin
PATH: /Users/michael/google-cloud-sdk/bin
PATH: /Users/michael/google-cloud-sdk/bin
PATH: /Users/michael/.nvm/versions/node/v12.14.1/bin
PATH: /Users/michael/code/moddable/build/bin/mac/release
PATH: /Users/michael/bin
PATH: /usr/local/bin
PATH: /Library/Frameworks/Python.framework/Versions/3.8/bin
PATH: /usr/local/bin
PATH: /usr/bin
PATH: /bin
PATH: /usr/sbin
PATH: /sbin
PATH: /usr/local/go/bin
PATH: /Applications/Wireshark.app/Contents/MacOS
PATH: /Users/michael/.nvm/versions/node/v12.14.1/bin
PATH: /Users/michael/code/moddable/build/bin/mac/release
PATH: /Users/michael/bin
PATH: /Library/Frameworks/Python.framework/Versions/3.8/bin
PATH: /Users/michael/go
PATH: /Users/michael/go/bin
PATH: /Users/michael/code/esp32/xtensa-esp32-elf/bin
PATH: /Users/michael/code/esp32/esp-idf/tools
PATH: /Users/michael/go
PATH: /Users/michael/go/bin
PATH: /Users/michael/code/esp32/xtensa-esp32-elf/bin
PATH: /Users/michael/code/esp32/esp-idf/tools


## ----------- ##
## Core tests. ##
## ----------- ##

configure:2553: checking for a BSD-compatible install
configure:2621: result: /usr/local/bin/ginstall -c
configure:2632: checking whether build environment is sane
configure:2687: result: yes
configure:2838: checking for a thread-safe mkdir -p
configure:2877: result: /usr/local/bin/gmkdir -p
configure:2884: checking for gawk
configure:2914: result: no
configure:2884: checking for mawk
configure:2914: result: no
configure:2884: checking for nawk
configure:2914: result: no
configure:2884: checking for awk
configure:2900: found /usr/bin/awk
configure:2911: result: awk
configure:2922: checking whether make sets $(MAKE)
configure:2944: result: yes
configure:2973: checking whether make supports nested variables
configure:2990: result: yes
configure:3115: checking build system type
configure:3129: result: x86_64-apple-darwin18.7.0
configure:3149: checking host system type
configure:3162: result: x86_64-apple-darwin18.7.0
configure:3230: checking for gcc
configure:3246: found /usr/bin/gcc
configure:3257: result: gcc
configure:3486: checking for C compiler version
configure:3495: gcc --version >&5
Apple clang version 11.0.0 (clang-1100.0.33.17)
Target: x86_64-apple-darwin18.7.0
Thread model: posix
InstalledDir: /Applications/Xcode.app/Contents/Developer/Toolchains/XcodeDefault.xctoolchain/usr/bin
Configured with: --prefix=/Applications/Xcode.app/Contents/Developer/usr --with-gxx-include-dir=/Library/Developer/CommandLineTools/SDKs/MacOSX.sdk/usr/include/c++/4.2.1
configure:3506: $? = 0
configure:3495: gcc -v >&5
Configured with: --prefix=/Applications/Xcode.app/Contents/Developer/usr --with-gxx-include-dir=/Library/Developer/CommandLineTools/SDKs/MacOSX.sdk/usr/include/c++/4.2.1
Apple clang version 11.0.0 (clang-1100.0.33.17)
Target: x86_64-apple-darwin18.7.0
Thread model: posix
InstalledDir: /Applications/Xcode.app/Contents/Developer/Toolchains/XcodeDefault.xctoolchain/usr/bin
configure:3506: $? = 0
configure:3495: gcc -V >&5
clang: error: unsupported option '-V -Wno-framework-include-private-from-public'
clang: error: no input files
configure:3506: $? = 1
configure:3495: gcc -qversion >&5
clang: error: unknown argument '-qversion', did you mean '--version'?
clang: error: no input files
configure:3506: $? = 1
configure:3526: checking whether the C compiler works
configure:3548: gcc -g -O2 -Wall   conftest.c  >&5
configure:3552: $? = 0
configure:3600: result: yes
configure:3603: checking for C compiler default output file name
configure:3605: result: a.out
configure:3611: checking for suffix of executables
configure:3618: gcc -o conftest -g -O2 -Wall   conftest.c  >&5
configure:3622: $? = 0
configure:3644: result: 
configure:3666: checking whether we are cross compiling
configure:3674: gcc -o conftest -g -O2 -Wall   conftest.c  >&5
configure:3678: $? = 0
configure:3685: ./conftest
configure:3689: $? = 0
configure:3704: result: no
configure:3709: checking for suffix of object files
configure:3731: gcc -c -g -O2 -Wall  conftest.c >&5
configure:3735: $? = 0
configure:3756: result: o
configure:3760: checking whether we are using the GNU C compiler
configure:3779: gcc -c -g -O2 -Wall  conftest.c >&5
configure:3779: $? = 0
configure:3788: result: yes
configure:3797: checking whether gcc accepts -g
configure:3817: gcc -c -g  conftest.c >&5
configure:3817: $? = 0
configure:3858: result: yes
configure:3875: checking for gcc option to accept ISO C89
configure:3938: gcc  -c -g -O2 -Wall  conftest.c >&5
configure:3938: $? = 0
configure:3951: result: none needed
configure:3976: checking whether gcc understands -c and -o together
configure:3998: gcc -c conftest.c -o conftest2.o
configure:4001: $? = 0
configure:3998: gcc -c conftest.c -o conftest2.o
configure:4001: $? = 0
configure:4013: result: yes
configure:4033: checking whether make supports the include directive
configure:4048: make -f confmf.GNU && cat confinc.out
this is the am__doit target
configure:4051: $? = 0
configure:4070: result: yes (GNU style)
configure:4095: checking dependency style of gcc
configure:4206: result: gcc3
configure:4227: checking how to run the C preprocessor
configure:4258: gcc -E  conftest.c
configure:4258: $? = 0
configure:4272: gcc -E  conftest.c
conftest.c:9:10: fatal error: 'ac_nonexistent.h' file not found
#include <ac_nonexistent.h>
         ^~~~~~~~~~~~~~~~~~
1 error generated.
configure:4272: $? = 1
configure: failed program was:
| /* confdefs.h */
| #define PACKAGE_NAME "pocketsphinx"
| #define PACKAGE_TARNAME "pocketsphinx"
| #define PACKAGE_VERSION "5prealpha"
| #define PACKAGE_STRING "pocketsphinx 5prealpha"
| #define PACKAGE_BUGREPORT ""
| #define PACKAGE_URL ""
| /* end confdefs.h.  */
| #include <ac_nonexistent.h>
configure:4297: result: gcc -E
configure:4317: gcc -E  conftest.c
configure:4317: $? = 0
configure:4331: gcc -E  conftest.c
conftest.c:9:10: fatal error: 'ac_nonexistent.h' file not found
#include <ac_nonexistent.h>
         ^~~~~~~~~~~~~~~~~~
1 error generated.
configure:4331: $? = 1
configure: failed program was:
| /* confdefs.h */
| #define PACKAGE_NAME "pocketsphinx"
| #define PACKAGE_TARNAME "pocketsphinx"
| #define PACKAGE_VERSION "5prealpha"
| #define PACKAGE_STRING "pocketsphinx 5prealpha"
| #define PACKAGE_BUGREPORT ""
| #define PACKAGE_URL ""
| /* end confdefs.h.  */
| #include <ac_nonexistent.h>
configure:4360: checking for grep that handles long lines and -e
configure:4418: result: /usr/bin/grep
configure:4423: checking for egrep
configure:4485: result: /usr/bin/grep -E
configure:4490: checking for ANSI C header files
configure:4510: gcc -c -g -O2 -Wall  conftest.c >&5
configure:4510: $? = 0
configure:4583: gcc -o conftest -g -O2 -Wall   conftest.c  >&5
configure:4583: $? = 0
configure:4583: ./conftest
configure:4583: $? = 0
configure:4594: result: yes
configure:4607: checking for sys/types.h
configure:4607: gcc -c -g -O2 -Wall  conftest.c >&5
configure:4607: $? = 0
configure:4607: result: yes
configure:4607: checking for sys/stat.h
configure:4607: gcc -c -g -O2 -Wall  conftest.c >&5
configure:4607: $? = 0
configure:4607: result: yes
configure:4607: checking for stdlib.h
configure:4607: gcc -c -g -O2 -Wall  conftest.c >&5
configure:4607: $? = 0
configure:4607: result: yes
configure:4607: checking for string.h
configure:4607: gcc -c -g -O2 -Wall  conftest.c >&5
configure:4607: $? = 0
configure:4607: result: yes
configure:4607: checking for memory.h
configure:4607: gcc -c -g -O2 -Wall  conftest.c >&5
configure:4607: $? = 0
configure:4607: result: yes
configure:4607: checking for strings.h
configure:4607: gcc -c -g -O2 -Wall  conftest.c >&5
configure:4607: $? = 0
configure:4607: result: yes
configure:4607: checking for inttypes.h
configure:4607: gcc -c -g -O2 -Wall  conftest.c >&5
configure:4607: $? = 0
configure:4607: result: yes
configure:4607: checking for stdint.h
configure:4607: gcc -c -g -O2 -Wall  conftest.c >&5
configure:4607: $? = 0
configure:4607: result: yes
configure:4607: checking for unistd.h
configure:4607: gcc -c -g -O2 -Wall  conftest.c >&5
configure:4607: $? = 0
configure:4607: result: yes
configure:4619: checking for long long
configure:4619: gcc -c -g -O2 -Wall  conftest.c >&5
configure:4619: $? = 0
configure:4619: gcc -c -g -O2 -Wall  conftest.c >&5
conftest.c:55:24: error: expected expression
if (sizeof ((long long)))
                       ^
1 error generated.
configure:4619: $? = 1
configure: failed program was:
| /* confdefs.h */
| #define PACKAGE_NAME "pocketsphinx"
| #define PACKAGE_TARNAME "pocketsphinx"
| #define PACKAGE_VERSION "5prealpha"
| #define PACKAGE_STRING "pocketsphinx 5prealpha"
| #define PACKAGE_BUGREPORT ""
| #define PACKAGE_URL ""
| #define STDC_HEADERS 1
| #define HAVE_SYS_TYPES_H 1
| #define HAVE_SYS_STAT_H 1
| #define HAVE_STDLIB_H 1
| #define HAVE_STRING_H 1
| #define HAVE_MEMORY_H 1
| #define HAVE_STRINGS_H 1
| #define HAVE_INTTYPES_H 1
| #define HAVE_STDINT_H 1
| #define HAVE_UNISTD_H 1
| /* end confdefs.h.  */
| #include <stdio.h>
| #ifdef HAVE_SYS_TYPES_H
| # include <sys/types.h>
| #endif
| #ifdef HAVE_SYS_STAT_H
| # include <sys/stat.h>
| #endif
| #ifdef STDC_HEADERS
| # include <stdlib.h>
| # include <stddef.h>
| #else
| # ifdef HAVE_STDLIB_H
| #  include <stdlib.h>
| # endif
| #endif
| #ifdef HAVE_STRING_H
| # if !defined STDC_HEADERS && defined HAVE_MEMORY_H
| #  include <memory.h>
| # endif
| # include <string.h>
| #endif
| #ifdef HAVE_STRINGS_H
| # include <strings.h>
| #endif
| #ifdef HAVE_INTTYPES_H
| # include <inttypes.h>
| #endif
| #ifdef HAVE_STDINT_H
| # include <stdint.h>
| #endif
| #ifdef HAVE_UNISTD_H
| # include <unistd.h>
| #endif
| int
| main ()
| {
| if (sizeof ((long long)))
| 	    return 0;
|   ;
|   return 0;
| }
configure:4619: result: yes
configure:4633: checking size of long long
configure:4638: gcc -o conftest -g -O2 -Wall   conftest.c  >&5
configure:4638: $? = 0
configure:4638: ./conftest
configure:4638: $? = 0
configure:4652: result: 8
configure:4709: checking how to print strings
configure:4736: result: printf
configure:4757: checking for a sed that does not truncate output
configure:4821: result: /usr/bin/sed
configure:4839: checking for fgrep
configure:4901: result: /usr/bin/grep -F
configure:4936: checking for ld used by gcc
configure:5003: result: /Applications/Xcode.app/Contents/Developer/Toolchains/XcodeDefault.xctoolchain/usr/bin/ld
configure:5010: checking if the linker (/Applications/Xcode.app/Contents/Developer/Toolchains/XcodeDefault.xctoolchain/usr/bin/ld) is GNU ld
configure:5025: result: no
configure:5037: checking for BSD- or MS-compatible name lister (nm)
configure:5091: result: /usr/bin/nm -B
configure:5221: checking the name lister (/usr/bin/nm -B) interface
configure:5228: gcc -c -g -O2 -Wall  conftest.c >&5
configure:5231: /usr/bin/nm -B "conftest.o"
configure:5234: output
000000000000023c S _some_variable
configure:5241: result: BSD nm
configure:5244: checking whether ln -s works
configure:5248: result: yes
configure:5256: checking the maximum length of command line arguments
configure:5387: result: 196608
configure:5435: checking how to convert x86_64-apple-darwin18.7.0 file names to x86_64-apple-darwin18.7.0 format
configure:5475: result: func_convert_file_noop
configure:5482: checking how to convert x86_64-apple-darwin18.7.0 file names to toolchain format
configure:5502: result: func_convert_file_noop
configure:5509: checking for /Applications/Xcode.app/Contents/Developer/Toolchains/XcodeDefault.xctoolchain/usr/bin/ld option to reload object files
configure:5516: result: -r
configure:5590: checking for objdump
configure:5606: found /usr/bin/objdump
configure:5617: result: objdump
configure:5649: checking how to recognize dependent libraries
configure:5849: result: pass_all
configure:5934: checking for dlltool
configure:5964: result: no
configure:5994: checking how to associate runtime and link libraries
configure:6021: result: printf %s\n
configure:6081: checking for ar
configure:6097: found /usr/bin/ar
configure:6108: result: ar
configure:6145: checking for archiver @FILE support
configure:6162: gcc -c -g -O2 -Wall  conftest.c >&5
configure:6162: $? = 0
configure:6165: ar cru libconftest.a @conftest.lst >&5
ar: @conftest.lst: No such file or directory
configure:6168: $? = 1
configure:6188: result: no
configure:6246: checking for strip
configure:6262: found /usr/bin/strip
configure:6273: result: strip
configure:6345: checking for ranlib
configure:6361: found /usr/bin/ranlib
configure:6372: result: ranlib
configure:6474: checking command to parse /usr/bin/nm -B output from gcc object
configure:6627: gcc -c -g -O2 -Wall  conftest.c >&5
configure:6630: $? = 0
configure:6634: /usr/bin/nm -B conftest.o \| sed -n -e 's/^.*[ ]\([BCDEGRST][BCDEGRST]*\)[ ][ ]*\([_A-Za-z][_A-Za-z0-9]*\)$/\1 \2 \2/p' | sed '/ __gnu_lto/d' \> conftest.nm
configure:6637: $? = 0
cannot find nm_test_var in conftest.nm
configure:6627: gcc -c -g -O2 -Wall  conftest.c >&5
configure:6630: $? = 0
configure:6634: /usr/bin/nm -B conftest.o \| sed -n -e 's/^.*[ ]\([BCDEGRST][BCDEGRST]*\)[ ][ ]*_\([_A-Za-z][_A-Za-z0-9]*\)$/\1 _\2 \2/p' | sed '/ __gnu_lto/d' \> conftest.nm
configure:6637: $? = 0
configure:6703: gcc -o conftest -g -O2 -Wall   conftest.c conftstm.o >&5
warning: (x86_64)  could not find object file symbol for symbol _main
configure:6706: $? = 0
configure:6744: result: ok
configure:6791: checking for sysroot
configure:6821: result: no
configure:6828: checking for a working dd
configure:6866: result: /bin/dd
configure:6870: checking how to truncate binary pipes
configure:6885: result: /bin/dd bs=4096 count=1
configure:7214: checking for mt
configure:7244: result: no
configure:7264: checking if : is a manifest tool
configure:7270: : '-?'
configure:7278: result: no
configure:7334: checking for dsymutil
configure:7350: found /usr/bin/dsymutil
configure:7361: result: dsymutil
configure:7426: checking for nmedit
configure:7442: found /usr/bin/nmedit
configure:7453: result: nmedit
configure:7518: checking for lipo
configure:7534: found /usr/bin/lipo
configure:7545: result: lipo
configure:7610: checking for otool
configure:7626: found /usr/bin/otool
configure:7637: result: otool
configure:7702: checking for otool64
configure:7732: result: no
configure:7777: checking for -single_module linker flag
gcc -g -O2 -Wall  -o libconftest.dylib -dynamiclib -Wl,-single_module conftest.c
configure:7810: result: yes
configure:7813: checking for -exported_symbols_list linker flag
configure:7833: gcc -o conftest -g -O2 -Wall   -Wl,-exported_symbols_list,conftest.sym conftest.c  >&5
configure:7833: $? = 0
configure:7843: result: yes
configure:7846: checking for -force_load linker flag
gcc -g -O2 -Wall -c -o conftest.o conftest.c
ar cru libconftest.a conftest.o
ranlib libconftest.a
gcc -g -O2 -Wall  -o conftest conftest.c -Wl,-force_load,./libconftest.a
configure:7878: result: yes
configure:7947: checking for dlfcn.h
configure:7947: gcc -c -g -O2 -Wall  conftest.c >&5
configure:7947: $? = 0
configure:7947: result: yes
configure:8203: checking for objdir
configure:8218: result: .libs
configure:8482: checking if gcc supports -fno-rtti -fno-exceptions
configure:8500: gcc -c -g -O2 -Wall  -fno-rtti -fno-exceptions conftest.c >&5
configure:8504: $? = 0
configure:8517: result: yes
configure:8875: checking for gcc option to produce PIC
configure:8882: result: -fno-common -DPIC
configure:8890: checking if gcc PIC flag -fno-common -DPIC works
configure:8908: gcc -c -g -O2 -Wall  -fno-common -DPIC -DPIC conftest.c >&5
configure:8912: $? = 0
configure:8925: result: yes
configure:8954: checking if gcc static flag -static works
configure:8982: result: no
configure:8997: checking if gcc supports -c -o file.o
configure:9018: gcc -c -g -O2 -Wall  -o out/conftest2.o conftest.c >&5
configure:9022: $? = 0
configure:9044: result: yes
configure:9052: checking if gcc supports -c -o file.o
configure:9099: result: yes
configure:9132: checking whether the gcc linker (/Applications/Xcode.app/Contents/Developer/Toolchains/XcodeDefault.xctoolchain/usr/bin/ld) supports shared libraries
configure:10391: result: yes
configure:10631: checking dynamic linker characteristics
configure:11449: result: darwin18.7.0 dyld
configure:11571: checking how to hardcode library paths into programs
configure:11596: result: immediate
configure:12144: checking whether stripping libraries is possible
configure:12158: result: yes
configure:12184: checking if libtool supports shared libraries
configure:12186: result: yes
configure:12189: checking whether to build shared libraries
configure:12214: result: yes
configure:12217: checking whether to build static libraries
configure:12221: result: yes
configure:12261: checking for pkg-config
configure:12277: found /usr/local/bin/pkg-config
configure:12289: result: yes
configure:12300: checking for doxygen
configure:12328: result: no
configure:12388: checking for a Python interpreter with version >= 2.6
configure:12405: python -c import sys # split strings by '.' and convert to numeric. Append some zeros # because we need at least 4 digits for the hex conversion. # map returns an iterator in Python 3.0 and a list in 2.x minver = list(map(int, '2.6'.split('.'))) + [0, 0, 0] minverhex = 0 # xrange is not present in Python 3.0 and range returns an iterator for i in list(range(0, 4)): minverhex = (minverhex << 8) + minver[i] sys.exit(sys.hexversion < minverhex)
configure:12408: $? = 0
configure:12414: result: python
configure:12422: checking for python
configure:12440: found /Users/michael/code/vcrud/sphinx/compile_sphinx/bin/python
configure:12452: result: /Users/michael/code/vcrud/sphinx/compile_sphinx/bin/python
configure:12470: checking for python version
configure:12477: result: 3.8
configure:12489: checking for python platform
configure:12496: result: darwin
configure:12522: checking for python script directory
configure:12557: result: ${prefix}/lib/python3.8/site-packages
configure:12566: checking for python extension module directory
configure:12601: result: ${exec_prefix}/lib/python3.8/site-packages
configure:12622: checking for python3.8
configure:12652: result: /Users/michael/code/vcrud/sphinx/compile_sphinx/bin/python
configure:12668: checking for a version of Python >= '2.1.0'
configure:12694: result: yes
configure:12725: checking for the distutils Python package
configure:12729: result: yes
configure:12743: checking for Python include path
configure:12759: result: -I/usr/local/Cellar/python@3.8/3.8.5/Frameworks/Python.framework/Versions/3.8/include/python3.8
configure:12766: checking for Python library path
configure:12843: result: -L/usr/local/opt/python@3.8/Frameworks/Python.framework/Versions/3.8/lib -lpython3.8
configure:12850: checking for Python site-packages path
configure:12856: result: /Users/michael/code/vcrud/sphinx/compile_sphinx/lib/python3.8/site-packages
configure:12863: checking python extra libraries
configure:12870: result: -ldl   -framework CoreFoundation 
configure:12877: checking python extra linking flags
configure:12884: result: -Wl,-stack_size,1000000  -framework CoreFoundation /usr/local/opt/python@3.8/Frameworks/Python.framework/Versions/3.8/Python
configure:12891: checking consistency of all components of python development environment
configure:12917: gcc -o conftest -g -O2 -Wall  -I/usr/local/Cellar/python@3.8/3.8.5/Frameworks/Python.framework/Versions/3.8/include/python3.8  conftest.c  -L/usr/local/opt/python@3.8/Frameworks/Python.framework/Versions/3.8/lib -lpython3.8 -Wl,-stack_size,1000000  -framework CoreFoundation /usr/local/opt/python@3.8/Frameworks/Python.framework/Versions/3.8/Python -ldl   -framework CoreFoundation  >&5
configure:12917: $? = 0
configure:12934: result: yes
configure:12965: checking for swig
configure:12983: found /usr/local/bin/swig
configure:12995: result: /usr/local/bin/swig
configure:13009: checking SWIG version
configure:13012: result: 4.0.2
configure:13061: checking for SWIG library
configure:13064: result: /usr/local/Cellar/swig/4.0.2/share/swig/4.0.2
configure:13140: checking for pkg-config
configure:13158: found /usr/local/bin/pkg-config
configure:13170: result: /usr/local/bin/pkg-config
configure:13195: checking pkg-config is at least version 0.9.0
configure:13198: result: yes
configure:13209: checking for GStreamer
configure:13219: $PKG_CONFIG --exists --print-errors "gstreamer-$GST_MAJORMINOR >= 1.0
		       gstreamer-base-$GST_MAJORMINOR >= 1.0
		       gstreamer-plugins-base-$GST_MAJORMINOR >= 1.0"
Package gstreamer-1.0 was not found in the pkg-config search path.
Perhaps you should add the directory containing `gstreamer-1.0.pc'
to the PKG_CONFIG_PATH environment variable
No package 'gstreamer-1.0' found
Package gstreamer-base-1.0 was not found in the pkg-config search path.
Perhaps you should add the directory containing `gstreamer-base-1.0.pc'
to the PKG_CONFIG_PATH environment variable
No package 'gstreamer-base-1.0' found
Package gstreamer-plugins-base-1.0 was not found in the pkg-config search path.
Perhaps you should add the directory containing `gstreamer-plugins-base-1.0.pc'
to the PKG_CONFIG_PATH environment variable
No package 'gstreamer-plugins-base-1.0' found
configure:13224: $? = 1
configure:13243: $PKG_CONFIG --exists --print-errors "gstreamer-$GST_MAJORMINOR >= 1.0
		       gstreamer-base-$GST_MAJORMINOR >= 1.0
		       gstreamer-plugins-base-$GST_MAJORMINOR >= 1.0"
Package gstreamer-1.0 was not found in the pkg-config search path.
Perhaps you should add the directory containing `gstreamer-1.0.pc'
to the PKG_CONFIG_PATH environment variable
No package 'gstreamer-1.0' found
Package gstreamer-base-1.0 was not found in the pkg-config search path.
Perhaps you should add the directory containing `gstreamer-base-1.0.pc'
to the PKG_CONFIG_PATH environment variable
No package 'gstreamer-base-1.0' found
Package gstreamer-plugins-base-1.0 was not found in the pkg-config search path.
Perhaps you should add the directory containing `gstreamer-plugins-base-1.0.pc'
to the PKG_CONFIG_PATH environment variable
No package 'gstreamer-plugins-base-1.0' found
configure:13248: $? = 1
No package 'gstreamer-1.0' found
No package 'gstreamer-base-1.0' found
No package 'gstreamer-plugins-base-1.0' found
configure:13282: result: no
configure:13342: checking for sphinxbase in /Users/michael/code/vcrud/sphinx/compile_sphinx/pocketsphinx-5prealpha/../sphinxbase
configure:13346: result: yes
configure:13586: checking that generated files are newer than configure
configure:13592: result: done
configure:13627: creating ./config.status

## ---------------------- ##
## Running config.status. ##
## ---------------------- ##

This file was extended by pocketsphinx config.status 5prealpha, which was
generated by GNU Autoconf 2.69.  Invocation command line was

  CONFIG_FILES    = 
  CONFIG_HEADERS  = 
  CONFIG_LINKS    = 
  CONFIG_COMMANDS = 
  $ ./config.status 

on mrmeseeks-2.local

config.status:1135: creating pocketsphinx.pc
config.status:1135: creating Makefile
config.status:1135: creating include/Makefile
config.status:1135: creating src/Makefile
config.status:1135: creating swig/Makefile
config.status:1135: creating swig/python/Makefile
config.status:1135: creating swig/python/test/Makefile
config.status:1135: creating src/libpocketsphinx/Makefile
config.status:1135: creating src/programs/Makefile
config.status:1135: creating src/gst-plugin/Makefile
config.status:1135: creating doc/Makefile
config.status:1135: creating doc/doxyfile
config.status:1135: creating model/Makefile
config.status:1135: creating test/Makefile
config.status:1135: creating test/testfuncs.sh
config.status:1135: creating test/unit/Makefile
config.status:1135: creating test/regression/Makefile
config.status:1135: creating include/config.h
config.status:1364: executing depfiles commands
config.status:1441: cd swig/python       && sed -e '/# am--include-marker/d' Makefile         | make -f - am--depfiles
config.status:1446: $? = 0
config.status:1441: cd src/libpocketsphinx       && sed -e '/# am--include-marker/d' Makefile         | make -f - am--depfiles
config.status:1446: $? = 0
config.status:1441: cd src/programs       && sed -e '/# am--include-marker/d' Makefile         | make -f - am--depfiles
config.status:1446: $? = 0
config.status:1441: cd src/gst-plugin       && sed -e '/# am--include-marker/d' Makefile         | make -f - am--depfiles
config.status:1446: $? = 0
config.status:1441: cd test/unit       && sed -e '/# am--include-marker/d' Makefile         | make -f - am--depfiles
config.status:1446: $? = 0
config.status:1364: executing libtool commands

## ---------------- ##
## Cache variables. ##
## ---------------- ##

ac_cv_build=x86_64-apple-darwin18.7.0
ac_cv_c_compiler_gnu=yes
ac_cv_env_CC_set=
ac_cv_env_CC_value=
ac_cv_env_CFLAGS_set=
ac_cv_env_CFLAGS_value=
ac_cv_env_CPPFLAGS_set=
ac_cv_env_CPPFLAGS_value=
ac_cv_env_CPP_set=
ac_cv_env_CPP_value=
ac_cv_env_GStreamer_CFLAGS_set=
ac_cv_env_GStreamer_CFLAGS_value=
ac_cv_env_GStreamer_LIBS_set=
ac_cv_env_GStreamer_LIBS_value=
ac_cv_env_LDFLAGS_set=
ac_cv_env_LDFLAGS_value=
ac_cv_env_LIBS_set=
ac_cv_env_LIBS_value=
ac_cv_env_LT_SYS_LIBRARY_PATH_set=
ac_cv_env_LT_SYS_LIBRARY_PATH_value=
ac_cv_env_PKG_CONFIG_set=
ac_cv_env_PKG_CONFIG_value=
ac_cv_env_PYTHON_VERSION_set=
ac_cv_env_PYTHON_VERSION_value=
ac_cv_env_PYTHON_set=
ac_cv_env_PYTHON_value=
ac_cv_env_SPHINXBASE_CFLAGS_set=
ac_cv_env_SPHINXBASE_CFLAGS_value=
ac_cv_env_SPHINXBASE_LIBS_set=
ac_cv_env_SPHINXBASE_LIBS_value=
ac_cv_env_build_alias_set=
ac_cv_env_build_alias_value=
ac_cv_env_host_alias_set=
ac_cv_env_host_alias_value=
ac_cv_env_target_alias_set=
ac_cv_env_target_alias_value=
ac_cv_header_dlfcn_h=yes
ac_cv_header_inttypes_h=yes
ac_cv_header_memory_h=yes
ac_cv_header_stdc=yes
ac_cv_header_stdint_h=yes
ac_cv_header_stdlib_h=yes
ac_cv_header_string_h=yes
ac_cv_header_strings_h=yes
ac_cv_header_sys_stat_h=yes
ac_cv_header_sys_types_h=yes
ac_cv_header_unistd_h=yes
ac_cv_host=x86_64-apple-darwin18.7.0
ac_cv_objext=o
ac_cv_path_EGREP='/usr/bin/grep -E'
ac_cv_path_FGREP='/usr/bin/grep -F'
ac_cv_path_GREP=/usr/bin/grep
ac_cv_path_PYTHON=/Users/michael/code/vcrud/sphinx/compile_sphinx/bin/python
ac_cv_path_SED=/usr/bin/sed
ac_cv_path_SWIG=/usr/local/bin/swig
ac_cv_path_ac_pt_PKG_CONFIG=/usr/local/bin/pkg-config
ac_cv_path_install='/usr/local/bin/ginstall -c'
ac_cv_path_lt_DD=/bin/dd
ac_cv_path_mkdir=/usr/local/bin/gmkdir
ac_cv_prog_AWK=awk
ac_cv_prog_CPP='gcc -E'
ac_cv_prog_HAVE_DOXYGEN=no
ac_cv_prog_HAVE_PKGCONFIG=yes
ac_cv_prog_ac_ct_AR=ar
ac_cv_prog_ac_ct_CC=gcc
ac_cv_prog_ac_ct_DSYMUTIL=dsymutil
ac_cv_prog_ac_ct_LIPO=lipo
ac_cv_prog_ac_ct_NMEDIT=nmedit
ac_cv_prog_ac_ct_OBJDUMP=objdump
ac_cv_prog_ac_ct_OTOOL=otool
ac_cv_prog_ac_ct_RANLIB=ranlib
ac_cv_prog_ac_ct_STRIP=strip
ac_cv_prog_cc_c89=
ac_cv_prog_cc_g=yes
ac_cv_prog_make_make_set=yes
ac_cv_sizeof_long_long=8
ac_cv_type_long_long=yes
am_cv_CC_dependencies_compiler_type=gcc3
am_cv_make_support_nested_variables=yes
am_cv_pathless_PYTHON=python
am_cv_prog_cc_c_o=yes
am_cv_python_platform=darwin
am_cv_python_pyexecdir='${exec_prefix}/lib/python3.8/site-packages'
am_cv_python_pythondir='${prefix}/lib/python3.8/site-packages'
am_cv_python_version=3.8
lt_cv_apple_cc_single_mod=yes
lt_cv_ar_at_file=no
lt_cv_deplibs_check_method=pass_all
lt_cv_file_magic_cmd='$MAGIC_CMD'
lt_cv_file_magic_test_file=
lt_cv_ld_exported_symbols_list=yes
lt_cv_ld_force_load=yes
lt_cv_ld_reload_flag=-r
lt_cv_nm_interface='BSD nm'
lt_cv_objdir=.libs
lt_cv_path_LD=/Applications/Xcode.app/Contents/Developer/Toolchains/XcodeDefault.xctoolchain/usr/bin/ld
lt_cv_path_NM='/usr/bin/nm -B'
lt_cv_path_mainfest_tool=no
lt_cv_prog_compiler_c_o=yes
lt_cv_prog_compiler_pic='-fno-common -DPIC'
lt_cv_prog_compiler_pic_works=yes
lt_cv_prog_compiler_rtti_exceptions=yes
lt_cv_prog_compiler_static_works=no
lt_cv_prog_gnu_ld=no
lt_cv_sharedlib_from_linklib_cmd='printf %s\n'
lt_cv_sys_global_symbol_pipe='sed -n -e '\''s/^.*[	 ]\([BCDEGRST][BCDEGRST]*\)[	 ][	 ]*_\([_A-Za-z][_A-Za-z0-9]*\)$/\1 _\2 \2/p'\'' | sed '\''/ __gnu_lto/d'\'''
lt_cv_sys_global_symbol_to_c_name_address='sed -n -e '\''s/^: \(.*\) .*$/  {"\1", (void *) 0},/p'\'' -e '\''s/^[BCDEGRST][BCDEGRST]* .* \(.*\)$/  {"\1", (void *) \&\1},/p'\'''
lt_cv_sys_global_symbol_to_c_name_address_lib_prefix='sed -n -e '\''s/^: \(.*\) .*$/  {"\1", (void *) 0},/p'\'' -e '\''s/^[BCDEGRST][BCDEGRST]* .* \(lib.*\)$/  {"\1", (void *) \&\1},/p'\'' -e '\''s/^[BCDEGRST][BCDEGRST]* .* \(.*\)$/  {"lib\1", (void *) \&\1},/p'\'''
lt_cv_sys_global_symbol_to_cdecl='sed -n -e '\''s/^T .* \(.*\)$/extern int \1();/p'\'' -e '\''s/^[BCDEGRST][BCDEGRST]* .* \(.*\)$/extern char \1;/p'\'''
lt_cv_sys_global_symbol_to_import=
lt_cv_sys_max_cmd_len=196608
lt_cv_to_host_file_cmd=func_convert_file_noop
lt_cv_to_tool_file_cmd=func_convert_file_noop
lt_cv_truncate_bin='/bin/dd bs=4096 count=1'

## ----------------- ##
## Output variables. ##
## ----------------- ##

ACLOCAL='${SHELL} /Users/michael/code/vcrud/sphinx/compile_sphinx/pocketsphinx-5prealpha/missing aclocal-1.16'
AMDEPBACKSLASH='\'
AMDEP_FALSE='#'
AMDEP_TRUE=''
AMTAR='$${TAR-tar}'
AM_BACKSLASH='\'
AM_DEFAULT_V='$(AM_DEFAULT_VERBOSITY)'
AM_DEFAULT_VERBOSITY='1'
AM_V='$(V)'
AR='ar'
AUTOCONF='${SHELL} /Users/michael/code/vcrud/sphinx/compile_sphinx/pocketsphinx-5prealpha/missing autoconf'
AUTOHEADER='${SHELL} /Users/michael/code/vcrud/sphinx/compile_sphinx/pocketsphinx-5prealpha/missing autoheader'
AUTOMAKE='${SHELL} /Users/michael/code/vcrud/sphinx/compile_sphinx/pocketsphinx-5prealpha/missing automake-1.16'
AWK='awk'
BUILD_DOXYGEN_FALSE=''
BUILD_DOXYGEN_TRUE='#'
BUILD_GST_FALSE=''
BUILD_GST_TRUE='#'
BUILD_SWIG_FALSE='#'
BUILD_SWIG_TRUE=''
CC='gcc'
CCDEPMODE='depmode=gcc3'
CFLAGS='-g -O2 -Wall'
CPP='gcc -E'
CPPFLAGS=' -I/Users/michael/code/vcrud/sphinx/compile_sphinx/pocketsphinx-5prealpha/../sphinxbase/include -I/Users/michael/code/vcrud/sphinx/compile_sphinx/pocketsphinx-5prealpha/../sphinxbase/include/sphinxbase'
CYGPATH_W='echo'
DEFS='-DHAVE_CONFIG_H'
DEPDIR='.deps'
DLLTOOL='false'
DSYMUTIL='dsymutil'
DUMPBIN=''
ECHO_C='\c'
ECHO_N=''
ECHO_T=''
EGREP='/usr/bin/grep -E'
EXEEXT=''
FGREP='/usr/bin/grep -F'
GREP='/usr/bin/grep'
GST_CFLAGS=' '
GST_LIBS=''
GST_MAJORMINOR='1.0'
GST_PLUGIN_LDFLAGS='-module -avoid-version -export-symbols-regex _*\(gst_\|Gst\|GST_\).*'
GStreamer_CFLAGS=''
GStreamer_LIBS=''
HAVE_DOXYGEN='no'
HAVE_PKGCONFIG='yes'
INSTALL_DATA='${INSTALL} -m 644'
INSTALL_PROGRAM='${INSTALL}'
INSTALL_SCRIPT='${INSTALL}'
INSTALL_STRIP_PROGRAM='$(install_sh) -c -s'
LD='/Applications/Xcode.app/Contents/Developer/Toolchains/XcodeDefault.xctoolchain/usr/bin/ld'
LDFLAGS=' -L/Users/michael/code/vcrud/sphinx/compile_sphinx/pocketsphinx-5prealpha/../sphinxbase/lib -L/Users/michael/code/vcrud/sphinx/compile_sphinx/pocketsphinx-5prealpha/../sphinxbase/src/libsphinxad -L/Users/michael/code/vcrud/sphinx/compile_sphinx/pocketsphinx-5prealpha/../sphinxbase/src/libsphinxbase'
LIBOBJS=''
LIBS=' -lsphinxbase'
LIBTOOL='$(SHELL) $(top_builddir)/libtool'
LIPO='lipo'
LN_S='ln -s'
LTLIBOBJS=''
LT_SYS_LIBRARY_PATH=''
MAKEINFO='${SHELL} /Users/michael/code/vcrud/sphinx/compile_sphinx/pocketsphinx-5prealpha/missing makeinfo'
MANIFEST_TOOL=':'
MKDIR_P='/usr/local/bin/gmkdir -p'
NM='/usr/bin/nm -B'
NMEDIT='nmedit'
OBJDUMP='objdump'
OBJEXT='o'
OTOOL64=':'
OTOOL='otool'
PACKAGE='pocketsphinx'
PACKAGE_BUGREPORT=''
PACKAGE_NAME='pocketsphinx'
PACKAGE_STRING='pocketsphinx 5prealpha'
PACKAGE_TARNAME='pocketsphinx'
PACKAGE_URL=''
PACKAGE_VERSION='5prealpha'
PATH_SEPARATOR=':'
PKG_CONFIG='/usr/local/bin/pkg-config'
PYTHON='/Users/michael/code/vcrud/sphinx/compile_sphinx/bin/python'
PYTHON_CPPFLAGS='-I/usr/local/Cellar/python@3.8/3.8.5/Frameworks/Python.framework/Versions/3.8/include/python3.8'
PYTHON_EXEC_PREFIX='${exec_prefix}'
PYTHON_EXTRA_LDFLAGS='-Wl,-stack_size,1000000  -framework CoreFoundation /usr/local/opt/python@3.8/Frameworks/Python.framework/Versions/3.8/Python'
PYTHON_EXTRA_LIBS='-ldl   -framework CoreFoundation '
PYTHON_LDFLAGS='-L/usr/local/opt/python@3.8/Frameworks/Python.framework/Versions/3.8/lib -lpython3.8'
PYTHON_PLATFORM='darwin'
PYTHON_PREFIX='${prefix}'
PYTHON_SITE_PKG='/Users/michael/code/vcrud/sphinx/compile_sphinx/lib/python3.8/site-packages'
PYTHON_VERSION='3.8'
RANLIB='ranlib'
SED='/usr/bin/sed'
SET_MAKE=''
SHELL='/bin/sh'
SPHINXBASE_CFLAGS=''
SPHINXBASE_LIBS=''
SPHINXBASE_SWIG='/Users/michael/code/vcrud/sphinx/compile_sphinx/pocketsphinx-5prealpha/../sphinxbase/swig'
STRIP='strip'
SWIG='/usr/local/bin/swig'
SWIG_LIB='/usr/local/Cellar/swig/4.0.2/share/swig/4.0.2'
VERSION='5prealpha'
ac_ct_AR='ar'
ac_ct_CC='gcc'
ac_ct_DUMPBIN=''
am__EXEEXT_FALSE=''
am__EXEEXT_TRUE='#'
am__fastdepCC_FALSE='#'
am__fastdepCC_TRUE=''
am__include='include'
am__isrc=''
am__leading_dot='.'
am__nodep='_no'
am__quote=''
am__tar='$${TAR-tar} chof - "$$tardir"'
am__untar='$${TAR-tar} xf -'
bindir='${exec_prefix}/bin'
build='x86_64-apple-darwin18.7.0'
build_alias=''
build_cpu='x86_64'
build_os='darwin18.7.0'
build_vendor='apple'
datadir='${datarootdir}'
datarootdir='${prefix}/share'
docdir='${datarootdir}/doc/${PACKAGE_TARNAME}'
dvidir='${docdir}'
exec_prefix='${prefix}'
host='x86_64-apple-darwin18.7.0'
host_alias=''
host_cpu='x86_64'
host_os='darwin18.7.0'
host_vendor='apple'
htmldir='${docdir}'
includedir='${prefix}/include'
infodir='${datarootdir}/info'
install_sh='${SHELL} /Users/michael/code/vcrud/sphinx/compile_sphinx/pocketsphinx-5prealpha/install-sh'
libdir='${exec_prefix}/lib'
libexecdir='${exec_prefix}/libexec'
localedir='${datarootdir}/locale'
localstatedir='${prefix}/var'
mandir='${datarootdir}/man'
mkdir_p='$(MKDIR_P)'
oldincludedir='/usr/include'
pdfdir='${docdir}'
pkgpyexecdir='${pyexecdir}/pocketsphinx'
pkgpythondir='${pythondir}/pocketsphinx'
plugindir='$(libdir)/gstreamer-1.0'
prefix='/usr/local'
program_transform_name='s,x,x,'
psdir='${docdir}'
pyexecdir='${exec_prefix}/lib/python3.8/site-packages'
pythondir='${prefix}/lib/python3.8/site-packages'
sbindir='${exec_prefix}/sbin'
sharedstatedir='${prefix}/com'
sysconfdir='${prefix}/etc'
target_alias=''

## ----------- ##
## confdefs.h. ##
## ----------- ##

/* confdefs.h */
#define PACKAGE_NAME "pocketsphinx"
#define PACKAGE_TARNAME "pocketsphinx"
#define PACKAGE_VERSION "5prealpha"
#define PACKAGE_STRING "pocketsphinx 5prealpha"
#define PACKAGE_BUGREPORT ""
#define PACKAGE_URL ""
#define STDC_HEADERS 1
#define HAVE_SYS_TYPES_H 1
#define HAVE_SYS_STAT_H 1
#define HAVE_STDLIB_H 1
#define HAVE_STRING_H 1
#define HAVE_MEMORY_H 1
#define HAVE_STRINGS_H 1
#define HAVE_INTTYPES_H 1
#define HAVE_STDINT_H 1
#define HAVE_UNISTD_H 1
#define HAVE_LONG_LONG 1
#define SIZEOF_LONG_LONG 8
#define HAVE_DLFCN_H 1
#define LT_OBJDIR ".libs/"
#define HAVE_PYTHON "3.8"

configure: exit 0
